[0.602s] Invoking command in '/home/soumya/mmware_mmwareserver/ros2/ros2scripts/first_pubsub/src/py_pubsub': PYTHONPATH=/home/soumya/mmware_mmwareserver/ros2/ros2scripts/first_pubsub/install/py_pubsub/lib/python3.8/site-packages:${PYTHONPATH} /usr/bin/python3 setup.py egg_info --egg-base /home/soumya/mmware_mmwareserver/ros2/ros2scripts/first_pubsub/build/py_pubsub build --build-base /home/soumya/mmware_mmwareserver/ros2/ros2scripts/first_pubsub/build/py_pubsub/build install --prefix /home/soumya/mmware_mmwareserver/ros2/ros2scripts/first_pubsub/install/py_pubsub --record /home/soumya/mmware_mmwareserver/ros2/ros2scripts/first_pubsub/build/py_pubsub/install.log --single-version-externally-managed
[1.127s] running egg_info
[1.128s] writing /home/soumya/mmware_mmwareserver/ros2/ros2scripts/first_pubsub/build/py_pubsub/py_pubsub.egg-info/PKG-INFO
[1.129s] writing dependency_links to /home/soumya/mmware_mmwareserver/ros2/ros2scripts/first_pubsub/build/py_pubsub/py_pubsub.egg-info/dependency_links.txt
[1.130s] writing entry points to /home/soumya/mmware_mmwareserver/ros2/ros2scripts/first_pubsub/build/py_pubsub/py_pubsub.egg-info/entry_points.txt
[1.130s] writing requirements to /home/soumya/mmware_mmwareserver/ros2/ros2scripts/first_pubsub/build/py_pubsub/py_pubsub.egg-info/requires.txt
[1.131s] writing top-level names to /home/soumya/mmware_mmwareserver/ros2/ros2scripts/first_pubsub/build/py_pubsub/py_pubsub.egg-info/top_level.txt
[1.227s] reading manifest file '/home/soumya/mmware_mmwareserver/ros2/ros2scripts/first_pubsub/build/py_pubsub/py_pubsub.egg-info/SOURCES.txt'
[1.230s] writing manifest file '/home/soumya/mmware_mmwareserver/ros2/ros2scripts/first_pubsub/build/py_pubsub/py_pubsub.egg-info/SOURCES.txt'
[1.230s] running build
[1.231s] running build_py
[1.232s] copying py_pubsub/ros2_kafka_bridge_pub.py -> /home/soumya/mmware_mmwareserver/ros2/ros2scripts/first_pubsub/build/py_pubsub/build/lib/py_pubsub
[1.233s] running install
[1.235s] running install_lib
[1.239s] copying /home/soumya/mmware_mmwareserver/ros2/ros2scripts/first_pubsub/build/py_pubsub/build/lib/py_pubsub/ros2_kafka_bridge_pub.py -> /home/soumya/mmware_mmwareserver/ros2/ros2scripts/first_pubsub/install/py_pubsub/lib/python3.8/site-packages/py_pubsub
[1.241s] byte-compiling /home/soumya/mmware_mmwareserver/ros2/ros2scripts/first_pubsub/install/py_pubsub/lib/python3.8/site-packages/py_pubsub/ros2_kafka_bridge_pub.py to ros2_kafka_bridge_pub.cpython-38.pyc
[1.245s] running install_data
[1.247s] running install_egg_info
[1.251s] removing '/home/soumya/mmware_mmwareserver/ros2/ros2scripts/first_pubsub/install/py_pubsub/lib/python3.8/site-packages/py_pubsub-0.0.0-py3.8.egg-info' (and everything under it)
[1.252s] Copying /home/soumya/mmware_mmwareserver/ros2/ros2scripts/first_pubsub/build/py_pubsub/py_pubsub.egg-info to /home/soumya/mmware_mmwareserver/ros2/ros2scripts/first_pubsub/install/py_pubsub/lib/python3.8/site-packages/py_pubsub-0.0.0-py3.8.egg-info
[1.255s] running install_scripts
[1.296s] Installing bridge script to /home/soumya/mmware_mmwareserver/ros2/ros2scripts/first_pubsub/install/py_pubsub/lib/py_pubsub
[1.296s] Installing bridge_pub script to /home/soumya/mmware_mmwareserver/ros2/ros2scripts/first_pubsub/install/py_pubsub/lib/py_pubsub
[1.296s] Installing listener script to /home/soumya/mmware_mmwareserver/ros2/ros2scripts/first_pubsub/install/py_pubsub/lib/py_pubsub
[1.297s] Installing talker script to /home/soumya/mmware_mmwareserver/ros2/ros2scripts/first_pubsub/install/py_pubsub/lib/py_pubsub
[1.297s] writing list of installed files to '/home/soumya/mmware_mmwareserver/ros2/ros2scripts/first_pubsub/build/py_pubsub/install.log'
[1.353s] Invoked command in '/home/soumya/mmware_mmwareserver/ros2/ros2scripts/first_pubsub/src/py_pubsub' returned '0': PYTHONPATH=/home/soumya/mmware_mmwareserver/ros2/ros2scripts/first_pubsub/install/py_pubsub/lib/python3.8/site-packages:${PYTHONPATH} /usr/bin/python3 setup.py egg_info --egg-base /home/soumya/mmware_mmwareserver/ros2/ros2scripts/first_pubsub/build/py_pubsub build --build-base /home/soumya/mmware_mmwareserver/ros2/ros2scripts/first_pubsub/build/py_pubsub/build install --prefix /home/soumya/mmware_mmwareserver/ros2/ros2scripts/first_pubsub/install/py_pubsub --record /home/soumya/mmware_mmwareserver/ros2/ros2scripts/first_pubsub/build/py_pubsub/install.log --single-version-externally-managed
