[0.595s] Invoking command in '/home/soumya/mmware_mmwareserver/ros2/ros2scripts/first_pubsub/src/py_pubsub': PYTHONPATH=/home/soumya/mmware_mmwareserver/ros2/ros2scripts/first_pubsub/install/py_pubsub/lib/python3.8/site-packages:${PYTHONPATH} /usr/bin/python3 setup.py egg_info --egg-base /home/soumya/mmware_mmwareserver/ros2/ros2scripts/first_pubsub/build/py_pubsub build --build-base /home/soumya/mmware_mmwareserver/ros2/ros2scripts/first_pubsub/build/py_pubsub/build install --prefix /home/soumya/mmware_mmwareserver/ros2/ros2scripts/first_pubsub/install/py_pubsub --record /home/soumya/mmware_mmwareserver/ros2/ros2scripts/first_pubsub/build/py_pubsub/install.log --single-version-externally-managed
[1.124s] running egg_info
[1.125s] writing /home/soumya/mmware_mmwareserver/ros2/ros2scripts/first_pubsub/build/py_pubsub/py_pubsub.egg-info/PKG-INFO
[1.125s] writing dependency_links to /home/soumya/mmware_mmwareserver/ros2/ros2scripts/first_pubsub/build/py_pubsub/py_pubsub.egg-info/dependency_links.txt
[1.126s] writing entry points to /home/soumya/mmware_mmwareserver/ros2/ros2scripts/first_pubsub/build/py_pubsub/py_pubsub.egg-info/entry_points.txt
[1.126s] writing requirements to /home/soumya/mmware_mmwareserver/ros2/ros2scripts/first_pubsub/build/py_pubsub/py_pubsub.egg-info/requires.txt
[1.127s] writing top-level names to /home/soumya/mmware_mmwareserver/ros2/ros2scripts/first_pubsub/build/py_pubsub/py_pubsub.egg-info/top_level.txt
[1.201s] reading manifest file '/home/soumya/mmware_mmwareserver/ros2/ros2scripts/first_pubsub/build/py_pubsub/py_pubsub.egg-info/SOURCES.txt'
[1.203s] writing manifest file '/home/soumya/mmware_mmwareserver/ros2/ros2scripts/first_pubsub/build/py_pubsub/py_pubsub.egg-info/SOURCES.txt'
[1.203s] running build
[1.204s] running build_py
[1.204s] running install
[1.206s] running install_lib
[1.209s] running install_data
[1.210s] running install_egg_info
[1.213s] removing '/home/soumya/mmware_mmwareserver/ros2/ros2scripts/first_pubsub/install/py_pubsub/lib/python3.8/site-packages/py_pubsub-0.0.0-py3.8.egg-info' (and everything under it)
[1.214s] Copying /home/soumya/mmware_mmwareserver/ros2/ros2scripts/first_pubsub/build/py_pubsub/py_pubsub.egg-info to /home/soumya/mmware_mmwareserver/ros2/ros2scripts/first_pubsub/install/py_pubsub/lib/python3.8/site-packages/py_pubsub-0.0.0-py3.8.egg-info
[1.216s] running install_scripts
[1.251s] Installing bridge script to /home/soumya/mmware_mmwareserver/ros2/ros2scripts/first_pubsub/install/py_pubsub/lib/py_pubsub
[1.251s] Installing listener script to /home/soumya/mmware_mmwareserver/ros2/ros2scripts/first_pubsub/install/py_pubsub/lib/py_pubsub
[1.251s] Installing talker script to /home/soumya/mmware_mmwareserver/ros2/ros2scripts/first_pubsub/install/py_pubsub/lib/py_pubsub
[1.252s] writing list of installed files to '/home/soumya/mmware_mmwareserver/ros2/ros2scripts/first_pubsub/build/py_pubsub/install.log'
[1.306s] Invoked command in '/home/soumya/mmware_mmwareserver/ros2/ros2scripts/first_pubsub/src/py_pubsub' returned '0': PYTHONPATH=/home/soumya/mmware_mmwareserver/ros2/ros2scripts/first_pubsub/install/py_pubsub/lib/python3.8/site-packages:${PYTHONPATH} /usr/bin/python3 setup.py egg_info --egg-base /home/soumya/mmware_mmwareserver/ros2/ros2scripts/first_pubsub/build/py_pubsub build --build-base /home/soumya/mmware_mmwareserver/ros2/ros2scripts/first_pubsub/build/py_pubsub/build install --prefix /home/soumya/mmware_mmwareserver/ros2/ros2scripts/first_pubsub/install/py_pubsub --record /home/soumya/mmware_mmwareserver/ros2/ros2scripts/first_pubsub/build/py_pubsub/install.log --single-version-externally-managed
