[1.360s] DEBUG:colcon:Command line arguments: ['/usr/bin/colcon', 'build', '--packages-select', 'py_pubsub']
[1.361s] DEBUG:colcon:Parsed command line arguments: Namespace(ament_cmake_args=None, base_paths=['.'], build_base='build', catkin_cmake_args=None, catkin_skip_building_tests=False, cmake_args=None, cmake_clean_cache=False, cmake_clean_first=False, cmake_force_configure=False, cmake_target=None, cmake_target_skip_unavailable=False, continue_on_error=False, event_handlers=None, executor='parallel', ignore_user_meta=False, install_base='install', log_base=None, log_level=None, main=<bound method BuildVerb.main of <colcon_core.verb.build.BuildVerb object at 0xffffa41543a0>>, merge_install=False, metas=['./colcon.meta'], packages_above=None, packages_above_and_dependencies=None, packages_above_depth=None, packages_end=None, packages_ignore=None, packages_ignore_regex=None, packages_select=['py_pubsub'], packages_select_build_failed=False, packages_select_by_dep=None, packages_select_regex=None, packages_select_test_failures=False, packages_skip=None, packages_skip_build_finished=False, packages_skip_by_dep=None, packages_skip_regex=None, packages_skip_test_passed=False, packages_skip_up_to=None, packages_start=None, packages_up_to=None, packages_up_to_regex=None, parallel_workers=4, paths=None, symlink_install=False, test_result_base=None, verb_extension=<colcon_core.verb.build.BuildVerb object at 0xffffa41543a0>, verb_name='build', verb_parser=<colcon_defaults.argument_parser.defaults.DefaultArgumentsDecorator object at 0xffffa41548e0>)
[1.509s] Level 1:colcon.colcon_core.package_discovery:discover_packages(colcon_meta) check parameters
[1.510s] Level 1:colcon.colcon_core.package_discovery:discover_packages(recursive) check parameters
[1.510s] Level 1:colcon.colcon_core.package_discovery:discover_packages(ignore) check parameters
[1.510s] Level 1:colcon.colcon_core.package_discovery:discover_packages(path) check parameters
[1.510s] Level 1:colcon.colcon_core.package_discovery:discover_packages(colcon_meta) discover
[1.511s] Level 1:colcon.colcon_core.package_discovery:discover_packages(recursive) discover
[1.511s] INFO:colcon.colcon_core.package_discovery:Crawling recursively for packages in '/home/pi/Desktop/mmware_piubuntu/ros2/ros2scripts/first_pubsub'
[1.512s] Level 1:colcon.colcon_core.package_identification:_identify(.) by extensions ['ignore', 'ignore_ament_install']
[1.513s] Level 1:colcon.colcon_core.package_identification:_identify(.) by extension 'ignore'
[1.513s] Level 1:colcon.colcon_core.package_identification:_identify(.) by extension 'ignore_ament_install'
[1.514s] Level 1:colcon.colcon_core.package_identification:_identify(.) by extensions ['colcon_pkg']
[1.514s] Level 1:colcon.colcon_core.package_identification:_identify(.) by extension 'colcon_pkg'
[1.514s] Level 1:colcon.colcon_core.package_identification:_identify(.) by extensions ['colcon_meta']
[1.515s] Level 1:colcon.colcon_core.package_identification:_identify(.) by extension 'colcon_meta'
[1.515s] Level 1:colcon.colcon_core.package_identification:_identify(.) by extensions ['ros']
[1.515s] Level 1:colcon.colcon_core.package_identification:_identify(.) by extension 'ros'
[1.612s] Level 1:colcon.colcon_core.package_identification:_identify(.) by extensions ['cmake', 'python']
[1.613s] Level 1:colcon.colcon_core.package_identification:_identify(.) by extension 'cmake'
[1.613s] Level 1:colcon.colcon_core.package_identification:_identify(.) by extension 'python'
[1.613s] Level 1:colcon.colcon_core.package_identification:_identify(.) by extensions ['python_setup_py']
[1.614s] Level 1:colcon.colcon_core.package_identification:_identify(.) by extension 'python_setup_py'
[1.615s] Level 1:colcon.colcon_core.package_identification:_identify(build) by extensions ['ignore', 'ignore_ament_install']
[1.616s] Level 1:colcon.colcon_core.package_identification:_identify(build) by extension 'ignore'
[1.616s] Level 1:colcon.colcon_core.package_identification:_identify(build) ignored
[1.617s] Level 1:colcon.colcon_core.package_identification:_identify(install) by extensions ['ignore', 'ignore_ament_install']
[1.618s] Level 1:colcon.colcon_core.package_identification:_identify(install) by extension 'ignore'
[1.618s] Level 1:colcon.colcon_core.package_identification:_identify(install) ignored
[1.619s] Level 1:colcon.colcon_core.package_identification:_identify(log) by extensions ['ignore', 'ignore_ament_install']
[1.620s] Level 1:colcon.colcon_core.package_identification:_identify(log) by extension 'ignore'
[1.620s] Level 1:colcon.colcon_core.package_identification:_identify(log) ignored
[1.621s] Level 1:colcon.colcon_core.package_identification:_identify(src) by extensions ['ignore', 'ignore_ament_install']
[1.622s] Level 1:colcon.colcon_core.package_identification:_identify(src) by extension 'ignore'
[1.622s] Level 1:colcon.colcon_core.package_identification:_identify(src) by extension 'ignore_ament_install'
[1.623s] Level 1:colcon.colcon_core.package_identification:_identify(src) by extensions ['colcon_pkg']
[1.623s] Level 1:colcon.colcon_core.package_identification:_identify(src) by extension 'colcon_pkg'
[1.623s] Level 1:colcon.colcon_core.package_identification:_identify(src) by extensions ['colcon_meta']
[1.624s] Level 1:colcon.colcon_core.package_identification:_identify(src) by extension 'colcon_meta'
[1.624s] Level 1:colcon.colcon_core.package_identification:_identify(src) by extensions ['ros']
[1.624s] Level 1:colcon.colcon_core.package_identification:_identify(src) by extension 'ros'
[1.625s] Level 1:colcon.colcon_core.package_identification:_identify(src) by extensions ['cmake', 'python']
[1.625s] Level 1:colcon.colcon_core.package_identification:_identify(src) by extension 'cmake'
[1.625s] Level 1:colcon.colcon_core.package_identification:_identify(src) by extension 'python'
[1.626s] Level 1:colcon.colcon_core.package_identification:_identify(src) by extensions ['python_setup_py']
[1.626s] Level 1:colcon.colcon_core.package_identification:_identify(src) by extension 'python_setup_py'
[1.627s] Level 1:colcon.colcon_core.package_identification:_identify(src/py_pubsub) by extensions ['ignore', 'ignore_ament_install']
[1.628s] Level 1:colcon.colcon_core.package_identification:_identify(src/py_pubsub) by extension 'ignore'
[1.628s] Level 1:colcon.colcon_core.package_identification:_identify(src/py_pubsub) by extension 'ignore_ament_install'
[1.629s] Level 1:colcon.colcon_core.package_identification:_identify(src/py_pubsub) by extensions ['colcon_pkg']
[1.629s] Level 1:colcon.colcon_core.package_identification:_identify(src/py_pubsub) by extension 'colcon_pkg'
[1.630s] Level 1:colcon.colcon_core.package_identification:_identify(src/py_pubsub) by extensions ['colcon_meta']
[1.630s] Level 1:colcon.colcon_core.package_identification:_identify(src/py_pubsub) by extension 'colcon_meta'
[1.630s] Level 1:colcon.colcon_core.package_identification:_identify(src/py_pubsub) by extensions ['ros']
[1.630s] Level 1:colcon.colcon_core.package_identification:_identify(src/py_pubsub) by extension 'ros'
[1.648s] DEBUG:colcon.colcon_core.package_identification:Package 'src/py_pubsub' with type 'ros.ament_python' and name 'py_pubsub'
[1.648s] Level 1:colcon.colcon_core.package_discovery:discover_packages(recursive) using defaults
[1.649s] Level 1:colcon.colcon_core.package_discovery:discover_packages(ignore) discover
[1.649s] Level 1:colcon.colcon_core.package_discovery:discover_packages(ignore) using defaults
[1.649s] Level 1:colcon.colcon_core.package_discovery:discover_packages(path) discover
[1.649s] Level 1:colcon.colcon_core.package_discovery:discover_packages(path) using defaults
[1.693s] Level 5:colcon.colcon_core.verb:set package 'py_pubsub' build argument 'cmake_args' from command line to 'None'
[1.694s] Level 5:colcon.colcon_core.verb:set package 'py_pubsub' build argument 'cmake_target' from command line to 'None'
[1.694s] Level 5:colcon.colcon_core.verb:set package 'py_pubsub' build argument 'cmake_target_skip_unavailable' from command line to 'False'
[1.694s] Level 5:colcon.colcon_core.verb:set package 'py_pubsub' build argument 'cmake_clean_cache' from command line to 'False'
[1.694s] Level 5:colcon.colcon_core.verb:set package 'py_pubsub' build argument 'cmake_clean_first' from command line to 'False'
[1.695s] Level 5:colcon.colcon_core.verb:set package 'py_pubsub' build argument 'cmake_force_configure' from command line to 'False'
[1.695s] Level 5:colcon.colcon_core.verb:set package 'py_pubsub' build argument 'ament_cmake_args' from command line to 'None'
[1.695s] Level 5:colcon.colcon_core.verb:set package 'py_pubsub' build argument 'catkin_cmake_args' from command line to 'None'
[1.695s] Level 5:colcon.colcon_core.verb:set package 'py_pubsub' build argument 'catkin_skip_building_tests' from command line to 'False'
[1.696s] DEBUG:colcon.colcon_core.verb:Building package 'py_pubsub' with the following arguments: {'ament_cmake_args': None, 'build_base': '/home/pi/Desktop/mmware_piubuntu/ros2/ros2scripts/first_pubsub/build/py_pubsub', 'catkin_cmake_args': None, 'catkin_skip_building_tests': False, 'cmake_args': None, 'cmake_clean_cache': False, 'cmake_clean_first': False, 'cmake_force_configure': False, 'cmake_target': None, 'cmake_target_skip_unavailable': False, 'install_base': '/home/pi/Desktop/mmware_piubuntu/ros2/ros2scripts/first_pubsub/install/py_pubsub', 'merge_install': False, 'path': '/home/pi/Desktop/mmware_piubuntu/ros2/ros2scripts/first_pubsub/src/py_pubsub', 'symlink_install': False, 'test_result_base': None}
[1.699s] INFO:colcon.colcon_core.executor:Executing jobs using 'parallel' executor
[1.713s] DEBUG:colcon.colcon_parallel_executor.executor.parallel:run_until_complete
[1.715s] INFO:colcon.colcon_ros.task.ament_python.build:Building ROS package in '/home/pi/Desktop/mmware_piubuntu/ros2/ros2scripts/first_pubsub/src/py_pubsub' with build type 'ament_python'
[1.716s] Level 1:colcon.colcon_core.shell:create_environment_hook('py_pubsub', 'ament_prefix_path')
[1.744s] INFO:colcon.colcon_core.plugin_system:Skipping extension 'colcon_core.shell.bat': Not used on non-Windows systems
[1.745s] INFO:colcon.colcon_core.shell:Creating environment hook '/home/pi/Desktop/mmware_piubuntu/ros2/ros2scripts/first_pubsub/install/py_pubsub/share/py_pubsub/hook/ament_prefix_path.ps1'
[1.751s] INFO:colcon.colcon_core.shell:Creating environment descriptor '/home/pi/Desktop/mmware_piubuntu/ros2/ros2scripts/first_pubsub/install/py_pubsub/share/py_pubsub/hook/ament_prefix_path.dsv'
[1.754s] INFO:colcon.colcon_core.shell:Creating environment hook '/home/pi/Desktop/mmware_piubuntu/ros2/ros2scripts/first_pubsub/install/py_pubsub/share/py_pubsub/hook/ament_prefix_path.sh'
[1.764s] INFO:colcon.colcon_core.shell:Skip shell extension 'powershell' for command environment: Not usable outside of PowerShell
[1.764s] DEBUG:colcon.colcon_core.shell:Skip shell extension 'dsv' for command environment
[1.785s] DEBUG:colcon.colcon_core.shell:Ignoring prefix path '/opt/ros/foxy'
[3.799s] INFO:colcon.colcon_core.task.python.build:Building Python package in '/home/pi/Desktop/mmware_piubuntu/ros2/ros2scripts/first_pubsub/src/py_pubsub'
[3.805s] INFO:colcon.colcon_core.shell:Skip shell extension 'powershell' for command environment: Not usable outside of PowerShell
[3.806s] DEBUG:colcon.colcon_core.shell:Skip shell extension 'dsv' for command environment
[3.820s] DEBUG:colcon.colcon_core.shell:Ignoring prefix path '/opt/ros/foxy'
[3.858s] DEBUG:colcon.colcon_core.event_handler.log_command:Invoking command in '/home/pi/Desktop/mmware_piubuntu/ros2/ros2scripts/first_pubsub/src/py_pubsub': PYTHONPATH=/home/pi/Desktop/mmware_piubuntu/ros2/ros2scripts/first_pubsub/install/py_pubsub/lib/python3.8/site-packages:${PYTHONPATH} /usr/bin/python3 setup.py egg_info --egg-base /home/pi/Desktop/mmware_piubuntu/ros2/ros2scripts/first_pubsub/build/py_pubsub build --build-base /home/pi/Desktop/mmware_piubuntu/ros2/ros2scripts/first_pubsub/build/py_pubsub/build install --prefix /home/pi/Desktop/mmware_piubuntu/ros2/ros2scripts/first_pubsub/install/py_pubsub --record /home/pi/Desktop/mmware_piubuntu/ros2/ros2scripts/first_pubsub/build/py_pubsub/install.log --single-version-externally-managed
[6.471s] DEBUG:colcon.colcon_core.event_handler.log_command:Invoked command in '/home/pi/Desktop/mmware_piubuntu/ros2/ros2scripts/first_pubsub/src/py_pubsub' returned '0': PYTHONPATH=/home/pi/Desktop/mmware_piubuntu/ros2/ros2scripts/first_pubsub/install/py_pubsub/lib/python3.8/site-packages:${PYTHONPATH} /usr/bin/python3 setup.py egg_info --egg-base /home/pi/Desktop/mmware_piubuntu/ros2/ros2scripts/first_pubsub/build/py_pubsub build --build-base /home/pi/Desktop/mmware_piubuntu/ros2/ros2scripts/first_pubsub/build/py_pubsub/build install --prefix /home/pi/Desktop/mmware_piubuntu/ros2/ros2scripts/first_pubsub/install/py_pubsub --record /home/pi/Desktop/mmware_piubuntu/ros2/ros2scripts/first_pubsub/build/py_pubsub/install.log --single-version-externally-managed
[6.495s] Level 1:colcon.colcon_core.environment:checking '/home/pi/Desktop/mmware_piubuntu/ros2/ros2scripts/first_pubsub/install/py_pubsub' for CMake module files
[6.500s] Level 1:colcon.colcon_core.environment:checking '/home/pi/Desktop/mmware_piubuntu/ros2/ros2scripts/first_pubsub/install/py_pubsub' for CMake config files
[6.507s] Level 1:colcon.colcon_core.environment:checking '/home/pi/Desktop/mmware_piubuntu/ros2/ros2scripts/first_pubsub/install/py_pubsub/lib'
[6.508s] Level 1:colcon.colcon_core.environment:checking '/home/pi/Desktop/mmware_piubuntu/ros2/ros2scripts/first_pubsub/install/py_pubsub/bin'
[6.509s] Level 1:colcon.colcon_core.environment:checking '/home/pi/Desktop/mmware_piubuntu/ros2/ros2scripts/first_pubsub/install/py_pubsub/lib/pkgconfig/py_pubsub.pc'
[6.509s] Level 1:colcon.colcon_core.environment:checking '/home/pi/Desktop/mmware_piubuntu/ros2/ros2scripts/first_pubsub/install/py_pubsub/lib/python3.8/site-packages'
[6.510s] Level 1:colcon.colcon_core.shell:create_environment_hook('py_pubsub', 'pythonpath')
[6.514s] INFO:colcon.colcon_core.shell:Creating environment hook '/home/pi/Desktop/mmware_piubuntu/ros2/ros2scripts/first_pubsub/install/py_pubsub/share/py_pubsub/hook/pythonpath.ps1'
[6.518s] INFO:colcon.colcon_core.shell:Creating environment descriptor '/home/pi/Desktop/mmware_piubuntu/ros2/ros2scripts/first_pubsub/install/py_pubsub/share/py_pubsub/hook/pythonpath.dsv'
[6.521s] INFO:colcon.colcon_core.shell:Creating environment hook '/home/pi/Desktop/mmware_piubuntu/ros2/ros2scripts/first_pubsub/install/py_pubsub/share/py_pubsub/hook/pythonpath.sh'
[6.525s] Level 1:colcon.colcon_core.environment:create_environment_scripts_only(py_pubsub)
[6.530s] INFO:colcon.colcon_core.shell:Creating package script '/home/pi/Desktop/mmware_piubuntu/ros2/ros2scripts/first_pubsub/install/py_pubsub/share/py_pubsub/package.ps1'
[6.537s] INFO:colcon.colcon_core.shell:Creating package descriptor '/home/pi/Desktop/mmware_piubuntu/ros2/ros2scripts/first_pubsub/install/py_pubsub/share/py_pubsub/package.dsv'
[6.543s] INFO:colcon.colcon_core.shell:Creating package script '/home/pi/Desktop/mmware_piubuntu/ros2/ros2scripts/first_pubsub/install/py_pubsub/share/py_pubsub/package.sh'
[6.550s] INFO:colcon.colcon_core.shell:Creating package script '/home/pi/Desktop/mmware_piubuntu/ros2/ros2scripts/first_pubsub/install/py_pubsub/share/py_pubsub/package.bash'
[6.556s] INFO:colcon.colcon_core.shell:Creating package script '/home/pi/Desktop/mmware_piubuntu/ros2/ros2scripts/first_pubsub/install/py_pubsub/share/py_pubsub/package.zsh'
[6.563s] Level 1:colcon.colcon_core.environment:create_file_with_runtime_dependencies(/home/pi/Desktop/mmware_piubuntu/ros2/ros2scripts/first_pubsub/install/py_pubsub/share/colcon-core/packages/py_pubsub)
[6.565s] DEBUG:colcon.colcon_parallel_executor.executor.parallel:closing loop
[6.567s] DEBUG:colcon.colcon_parallel_executor.executor.parallel:loop closed
[6.568s] DEBUG:colcon.colcon_parallel_executor.executor.parallel:run_until_complete finished with '0'
[6.569s] DEBUG:colcon.colcon_core.event_reactor:joining thread
[6.614s] INFO:colcon.colcon_core.plugin_system:Skipping extension 'colcon_notification.desktop_notification.terminal_notifier': Not used on non-Darwin systems
[6.614s] INFO:colcon.colcon_core.plugin_system:Skipping extension 'colcon_notification.desktop_notification.win32': Not used on non-Windows systems
[6.615s] INFO:colcon.colcon_notification.desktop_notification:Sending desktop notification using 'notify2'
[31.638s] DEBUG:colcon.colcon_notification.desktop_notification.notify2:Failed to initialize notify2: org.freedesktop.DBus.Error.NoReply: Did not receive a reply. Possible causes include: the remote application did not send a reply, the message bus security policy blocked the reply, the reply timeout expired, or the network connection was broken.
[31.639s] DEBUG:colcon.colcon_core.event_reactor:joined thread
[31.646s] INFO:colcon.colcon_core.shell:Creating prefix script '/home/pi/Desktop/mmware_piubuntu/ros2/ros2scripts/first_pubsub/install/local_setup.ps1'
[31.655s] INFO:colcon.colcon_core.shell:Creating prefix util module '/home/pi/Desktop/mmware_piubuntu/ros2/ros2scripts/first_pubsub/install/_local_setup_util_ps1.py'
[31.665s] INFO:colcon.colcon_core.shell:Creating prefix chain script '/home/pi/Desktop/mmware_piubuntu/ros2/ros2scripts/first_pubsub/install/setup.ps1'
[31.682s] INFO:colcon.colcon_core.shell:Creating prefix script '/home/pi/Desktop/mmware_piubuntu/ros2/ros2scripts/first_pubsub/install/local_setup.sh'
[31.687s] INFO:colcon.colcon_core.shell:Creating prefix util module '/home/pi/Desktop/mmware_piubuntu/ros2/ros2scripts/first_pubsub/install/_local_setup_util_sh.py'
[31.690s] INFO:colcon.colcon_core.shell:Creating prefix chain script '/home/pi/Desktop/mmware_piubuntu/ros2/ros2scripts/first_pubsub/install/setup.sh'
[31.719s] INFO:colcon.colcon_core.shell:Creating prefix script '/home/pi/Desktop/mmware_piubuntu/ros2/ros2scripts/first_pubsub/install/local_setup.bash'
[31.723s] INFO:colcon.colcon_core.shell:Creating prefix chain script '/home/pi/Desktop/mmware_piubuntu/ros2/ros2scripts/first_pubsub/install/setup.bash'
[31.740s] INFO:colcon.colcon_core.shell:Creating prefix script '/home/pi/Desktop/mmware_piubuntu/ros2/ros2scripts/first_pubsub/install/local_setup.zsh'
[31.744s] INFO:colcon.colcon_core.shell:Creating prefix chain script '/home/pi/Desktop/mmware_piubuntu/ros2/ros2scripts/first_pubsub/install/setup.zsh'
