[0.403s] DEBUG:colcon:Command line arguments: ['/usr/bin/colcon', 'build', '--packages-select', 'py_pubsub']
[0.404s] DEBUG:colcon:Parsed command line arguments: Namespace(ament_cmake_args=None, base_paths=['.'], build_base='build', catkin_cmake_args=None, catkin_skip_building_tests=False, cmake_args=None, cmake_clean_cache=False, cmake_clean_first=False, cmake_force_configure=False, cmake_target=None, cmake_target_skip_unavailable=False, continue_on_error=False, event_handlers=None, executor='parallel', ignore_user_meta=False, install_base='install', log_base=None, log_level=None, main=<bound method BuildVerb.main of <colcon_core.verb.build.BuildVerb object at 0x7f26ffbcaeb0>>, merge_install=False, metas=['./colcon.meta'], packages_above=None, packages_above_and_dependencies=None, packages_above_depth=None, packages_end=None, packages_ignore=None, packages_ignore_regex=None, packages_select=['py_pubsub'], packages_select_build_failed=False, packages_select_by_dep=None, packages_select_regex=None, packages_select_test_failures=False, packages_skip=None, packages_skip_build_finished=False, packages_skip_by_dep=None, packages_skip_regex=None, packages_skip_test_passed=False, packages_skip_up_to=None, packages_start=None, packages_up_to=None, packages_up_to_regex=None, parallel_workers=4, paths=None, symlink_install=False, test_result_base=None, verb_extension=<colcon_core.verb.build.BuildVerb object at 0x7f26ffbcaeb0>, verb_name='build', verb_parser=<colcon_defaults.argument_parser.defaults.DefaultArgumentsDecorator object at 0x7f26ffbd6460>)
[0.443s] Level 1:colcon.colcon_core.package_discovery:discover_packages(colcon_meta) check parameters
[0.443s] Level 1:colcon.colcon_core.package_discovery:discover_packages(recursive) check parameters
[0.444s] Level 1:colcon.colcon_core.package_discovery:discover_packages(ignore) check parameters
[0.444s] Level 1:colcon.colcon_core.package_discovery:discover_packages(path) check parameters
[0.444s] Level 1:colcon.colcon_core.package_discovery:discover_packages(colcon_meta) discover
[0.444s] Level 1:colcon.colcon_core.package_discovery:discover_packages(recursive) discover
[0.444s] INFO:colcon.colcon_core.package_discovery:Crawling recursively for packages in '/home/soumya/mmware_mmwareserver/ros2/ros2scripts/first_pubsub'
[0.444s] Level 1:colcon.colcon_core.package_identification:_identify(.) by extensions ['ignore', 'ignore_ament_install']
[0.444s] Level 1:colcon.colcon_core.package_identification:_identify(.) by extension 'ignore'
[0.445s] Level 1:colcon.colcon_core.package_identification:_identify(.) by extension 'ignore_ament_install'
[0.445s] Level 1:colcon.colcon_core.package_identification:_identify(.) by extensions ['colcon_pkg']
[0.445s] Level 1:colcon.colcon_core.package_identification:_identify(.) by extension 'colcon_pkg'
[0.445s] Level 1:colcon.colcon_core.package_identification:_identify(.) by extensions ['colcon_meta']
[0.445s] Level 1:colcon.colcon_core.package_identification:_identify(.) by extension 'colcon_meta'
[0.445s] Level 1:colcon.colcon_core.package_identification:_identify(.) by extensions ['ros']
[0.445s] Level 1:colcon.colcon_core.package_identification:_identify(.) by extension 'ros'
[0.471s] Level 1:colcon.colcon_core.package_identification:_identify(.) by extensions ['cmake', 'python']
[0.471s] Level 1:colcon.colcon_core.package_identification:_identify(.) by extension 'cmake'
[0.471s] Level 1:colcon.colcon_core.package_identification:_identify(.) by extension 'python'
[0.472s] Level 1:colcon.colcon_core.package_identification:_identify(.) by extensions ['python_setup_py']
[0.472s] Level 1:colcon.colcon_core.package_identification:_identify(.) by extension 'python_setup_py'
[0.472s] Level 1:colcon.colcon_core.package_identification:_identify(build) by extensions ['ignore', 'ignore_ament_install']
[0.472s] Level 1:colcon.colcon_core.package_identification:_identify(build) by extension 'ignore'
[0.472s] Level 1:colcon.colcon_core.package_identification:_identify(build) ignored
[0.473s] Level 1:colcon.colcon_core.package_identification:_identify(install) by extensions ['ignore', 'ignore_ament_install']
[0.473s] Level 1:colcon.colcon_core.package_identification:_identify(install) by extension 'ignore'
[0.473s] Level 1:colcon.colcon_core.package_identification:_identify(install) ignored
[0.473s] Level 1:colcon.colcon_core.package_identification:_identify(log) by extensions ['ignore', 'ignore_ament_install']
[0.473s] Level 1:colcon.colcon_core.package_identification:_identify(log) by extension 'ignore'
[0.473s] Level 1:colcon.colcon_core.package_identification:_identify(log) ignored
[0.474s] Level 1:colcon.colcon_core.package_identification:_identify(src) by extensions ['ignore', 'ignore_ament_install']
[0.474s] Level 1:colcon.colcon_core.package_identification:_identify(src) by extension 'ignore'
[0.474s] Level 1:colcon.colcon_core.package_identification:_identify(src) by extension 'ignore_ament_install'
[0.474s] Level 1:colcon.colcon_core.package_identification:_identify(src) by extensions ['colcon_pkg']
[0.474s] Level 1:colcon.colcon_core.package_identification:_identify(src) by extension 'colcon_pkg'
[0.474s] Level 1:colcon.colcon_core.package_identification:_identify(src) by extensions ['colcon_meta']
[0.474s] Level 1:colcon.colcon_core.package_identification:_identify(src) by extension 'colcon_meta'
[0.475s] Level 1:colcon.colcon_core.package_identification:_identify(src) by extensions ['ros']
[0.475s] Level 1:colcon.colcon_core.package_identification:_identify(src) by extension 'ros'
[0.475s] Level 1:colcon.colcon_core.package_identification:_identify(src) by extensions ['cmake', 'python']
[0.475s] Level 1:colcon.colcon_core.package_identification:_identify(src) by extension 'cmake'
[0.475s] Level 1:colcon.colcon_core.package_identification:_identify(src) by extension 'python'
[0.475s] Level 1:colcon.colcon_core.package_identification:_identify(src) by extensions ['python_setup_py']
[0.475s] Level 1:colcon.colcon_core.package_identification:_identify(src) by extension 'python_setup_py'
[0.476s] Level 1:colcon.colcon_core.package_identification:_identify(src/py_pubsub) by extensions ['ignore', 'ignore_ament_install']
[0.476s] Level 1:colcon.colcon_core.package_identification:_identify(src/py_pubsub) by extension 'ignore'
[0.476s] Level 1:colcon.colcon_core.package_identification:_identify(src/py_pubsub) by extension 'ignore_ament_install'
[0.476s] Level 1:colcon.colcon_core.package_identification:_identify(src/py_pubsub) by extensions ['colcon_pkg']
[0.476s] Level 1:colcon.colcon_core.package_identification:_identify(src/py_pubsub) by extension 'colcon_pkg'
[0.476s] Level 1:colcon.colcon_core.package_identification:_identify(src/py_pubsub) by extensions ['colcon_meta']
[0.477s] Level 1:colcon.colcon_core.package_identification:_identify(src/py_pubsub) by extension 'colcon_meta'
[0.477s] Level 1:colcon.colcon_core.package_identification:_identify(src/py_pubsub) by extensions ['ros']
[0.477s] Level 1:colcon.colcon_core.package_identification:_identify(src/py_pubsub) by extension 'ros'
[0.482s] DEBUG:colcon.colcon_core.package_identification:Package 'src/py_pubsub' with type 'ros.ament_python' and name 'py_pubsub'
[0.482s] Level 1:colcon.colcon_core.package_discovery:discover_packages(recursive) using defaults
[0.482s] Level 1:colcon.colcon_core.package_discovery:discover_packages(ignore) discover
[0.482s] Level 1:colcon.colcon_core.package_discovery:discover_packages(ignore) using defaults
[0.482s] Level 1:colcon.colcon_core.package_discovery:discover_packages(path) discover
[0.482s] Level 1:colcon.colcon_core.package_discovery:discover_packages(path) using defaults
[0.494s] Level 5:colcon.colcon_core.verb:set package 'py_pubsub' build argument 'cmake_args' from command line to 'None'
[0.494s] Level 5:colcon.colcon_core.verb:set package 'py_pubsub' build argument 'cmake_target' from command line to 'None'
[0.494s] Level 5:colcon.colcon_core.verb:set package 'py_pubsub' build argument 'cmake_target_skip_unavailable' from command line to 'False'
[0.494s] Level 5:colcon.colcon_core.verb:set package 'py_pubsub' build argument 'cmake_clean_cache' from command line to 'False'
[0.495s] Level 5:colcon.colcon_core.verb:set package 'py_pubsub' build argument 'cmake_clean_first' from command line to 'False'
[0.495s] Level 5:colcon.colcon_core.verb:set package 'py_pubsub' build argument 'cmake_force_configure' from command line to 'False'
[0.495s] Level 5:colcon.colcon_core.verb:set package 'py_pubsub' build argument 'ament_cmake_args' from command line to 'None'
[0.495s] Level 5:colcon.colcon_core.verb:set package 'py_pubsub' build argument 'catkin_cmake_args' from command line to 'None'
[0.495s] Level 5:colcon.colcon_core.verb:set package 'py_pubsub' build argument 'catkin_skip_building_tests' from command line to 'False'
[0.495s] DEBUG:colcon.colcon_core.verb:Building package 'py_pubsub' with the following arguments: {'ament_cmake_args': None, 'build_base': '/home/soumya/mmware_mmwareserver/ros2/ros2scripts/first_pubsub/build/py_pubsub', 'catkin_cmake_args': None, 'catkin_skip_building_tests': False, 'cmake_args': None, 'cmake_clean_cache': False, 'cmake_clean_first': False, 'cmake_force_configure': False, 'cmake_target': None, 'cmake_target_skip_unavailable': False, 'install_base': '/home/soumya/mmware_mmwareserver/ros2/ros2scripts/first_pubsub/install/py_pubsub', 'merge_install': False, 'path': '/home/soumya/mmware_mmwareserver/ros2/ros2scripts/first_pubsub/src/py_pubsub', 'symlink_install': False, 'test_result_base': None}
[0.496s] INFO:colcon.colcon_core.executor:Executing jobs using 'parallel' executor
[0.500s] DEBUG:colcon.colcon_parallel_executor.executor.parallel:run_until_complete
[0.501s] INFO:colcon.colcon_ros.task.ament_python.build:Building ROS package in '/home/soumya/mmware_mmwareserver/ros2/ros2scripts/first_pubsub/src/py_pubsub' with build type 'ament_python'
[0.502s] Level 1:colcon.colcon_core.shell:create_environment_hook('py_pubsub', 'ament_prefix_path')
[0.512s] INFO:colcon.colcon_core.plugin_system:Skipping extension 'colcon_core.shell.bat': Not used on non-Windows systems
[0.512s] INFO:colcon.colcon_core.shell:Creating environment hook '/home/soumya/mmware_mmwareserver/ros2/ros2scripts/first_pubsub/install/py_pubsub/share/py_pubsub/hook/ament_prefix_path.ps1'
[0.514s] INFO:colcon.colcon_core.shell:Creating environment descriptor '/home/soumya/mmware_mmwareserver/ros2/ros2scripts/first_pubsub/install/py_pubsub/share/py_pubsub/hook/ament_prefix_path.dsv'
[0.514s] INFO:colcon.colcon_core.shell:Creating environment hook '/home/soumya/mmware_mmwareserver/ros2/ros2scripts/first_pubsub/install/py_pubsub/share/py_pubsub/hook/ament_prefix_path.sh'
[0.518s] INFO:colcon.colcon_core.shell:Skip shell extension 'powershell' for command environment: Not usable outside of PowerShell
[0.518s] DEBUG:colcon.colcon_core.shell:Skip shell extension 'dsv' for command environment
[0.524s] DEBUG:colcon.colcon_core.shell:Ignoring prefix path '/opt/ros/foxy'
[1.076s] INFO:colcon.colcon_core.task.python.build:Building Python package in '/home/soumya/mmware_mmwareserver/ros2/ros2scripts/first_pubsub/src/py_pubsub'
[1.080s] INFO:colcon.colcon_core.shell:Skip shell extension 'powershell' for command environment: Not usable outside of PowerShell
[1.080s] DEBUG:colcon.colcon_core.shell:Skip shell extension 'dsv' for command environment
[1.086s] DEBUG:colcon.colcon_core.shell:Ignoring prefix path '/opt/ros/foxy'
[1.100s] DEBUG:colcon.colcon_core.event_handler.log_command:Invoking command in '/home/soumya/mmware_mmwareserver/ros2/ros2scripts/first_pubsub/src/py_pubsub': PYTHONPATH=/home/soumya/mmware_mmwareserver/ros2/ros2scripts/first_pubsub/install/py_pubsub/lib/python3.8/site-packages:${PYTHONPATH} /usr/bin/python3 setup.py egg_info --egg-base /home/soumya/mmware_mmwareserver/ros2/ros2scripts/first_pubsub/build/py_pubsub build --build-base /home/soumya/mmware_mmwareserver/ros2/ros2scripts/first_pubsub/build/py_pubsub/build install --prefix /home/soumya/mmware_mmwareserver/ros2/ros2scripts/first_pubsub/install/py_pubsub --record /home/soumya/mmware_mmwareserver/ros2/ros2scripts/first_pubsub/build/py_pubsub/install.log --single-version-externally-managed
[1.811s] DEBUG:colcon.colcon_core.event_handler.log_command:Invoked command in '/home/soumya/mmware_mmwareserver/ros2/ros2scripts/first_pubsub/src/py_pubsub' returned '0': PYTHONPATH=/home/soumya/mmware_mmwareserver/ros2/ros2scripts/first_pubsub/install/py_pubsub/lib/python3.8/site-packages:${PYTHONPATH} /usr/bin/python3 setup.py egg_info --egg-base /home/soumya/mmware_mmwareserver/ros2/ros2scripts/first_pubsub/build/py_pubsub build --build-base /home/soumya/mmware_mmwareserver/ros2/ros2scripts/first_pubsub/build/py_pubsub/build install --prefix /home/soumya/mmware_mmwareserver/ros2/ros2scripts/first_pubsub/install/py_pubsub --record /home/soumya/mmware_mmwareserver/ros2/ros2scripts/first_pubsub/build/py_pubsub/install.log --single-version-externally-managed
[1.821s] Level 1:colcon.colcon_core.environment:checking '/home/soumya/mmware_mmwareserver/ros2/ros2scripts/first_pubsub/install/py_pubsub' for CMake module files
[1.823s] Level 1:colcon.colcon_core.environment:checking '/home/soumya/mmware_mmwareserver/ros2/ros2scripts/first_pubsub/install/py_pubsub' for CMake config files
[1.825s] Level 1:colcon.colcon_core.environment:checking '/home/soumya/mmware_mmwareserver/ros2/ros2scripts/first_pubsub/install/py_pubsub/lib'
[1.826s] Level 1:colcon.colcon_core.environment:checking '/home/soumya/mmware_mmwareserver/ros2/ros2scripts/first_pubsub/install/py_pubsub/bin'
[1.826s] Level 1:colcon.colcon_core.environment:checking '/home/soumya/mmware_mmwareserver/ros2/ros2scripts/first_pubsub/install/py_pubsub/lib/pkgconfig/py_pubsub.pc'
[1.826s] Level 1:colcon.colcon_core.environment:checking '/home/soumya/mmware_mmwareserver/ros2/ros2scripts/first_pubsub/install/py_pubsub/lib/python3.8/site-packages'
[1.826s] Level 1:colcon.colcon_core.shell:create_environment_hook('py_pubsub', 'pythonpath')
[1.827s] INFO:colcon.colcon_core.shell:Creating environment hook '/home/soumya/mmware_mmwareserver/ros2/ros2scripts/first_pubsub/install/py_pubsub/share/py_pubsub/hook/pythonpath.ps1'
[1.828s] INFO:colcon.colcon_core.shell:Creating environment descriptor '/home/soumya/mmware_mmwareserver/ros2/ros2scripts/first_pubsub/install/py_pubsub/share/py_pubsub/hook/pythonpath.dsv'
[1.829s] INFO:colcon.colcon_core.shell:Creating environment hook '/home/soumya/mmware_mmwareserver/ros2/ros2scripts/first_pubsub/install/py_pubsub/share/py_pubsub/hook/pythonpath.sh'
[1.830s] Level 1:colcon.colcon_core.environment:create_environment_scripts_only(py_pubsub)
[1.831s] INFO:colcon.colcon_core.shell:Creating package script '/home/soumya/mmware_mmwareserver/ros2/ros2scripts/first_pubsub/install/py_pubsub/share/py_pubsub/package.ps1'
[1.833s] INFO:colcon.colcon_core.shell:Creating package descriptor '/home/soumya/mmware_mmwareserver/ros2/ros2scripts/first_pubsub/install/py_pubsub/share/py_pubsub/package.dsv'
[1.834s] INFO:colcon.colcon_core.shell:Creating package script '/home/soumya/mmware_mmwareserver/ros2/ros2scripts/first_pubsub/install/py_pubsub/share/py_pubsub/package.sh'
[1.836s] INFO:colcon.colcon_core.shell:Creating package script '/home/soumya/mmware_mmwareserver/ros2/ros2scripts/first_pubsub/install/py_pubsub/share/py_pubsub/package.bash'
[1.837s] INFO:colcon.colcon_core.shell:Creating package script '/home/soumya/mmware_mmwareserver/ros2/ros2scripts/first_pubsub/install/py_pubsub/share/py_pubsub/package.zsh'
[1.839s] Level 1:colcon.colcon_core.environment:create_file_with_runtime_dependencies(/home/soumya/mmware_mmwareserver/ros2/ros2scripts/first_pubsub/install/py_pubsub/share/colcon-core/packages/py_pubsub)
[1.839s] DEBUG:colcon.colcon_parallel_executor.executor.parallel:closing loop
[1.840s] DEBUG:colcon.colcon_parallel_executor.executor.parallel:loop closed
[1.841s] DEBUG:colcon.colcon_parallel_executor.executor.parallel:run_until_complete finished with '0'
[1.841s] DEBUG:colcon.colcon_core.event_reactor:joining thread
[1.859s] INFO:colcon.colcon_core.plugin_system:Skipping extension 'colcon_notification.desktop_notification.terminal_notifier': Not used on non-Darwin systems
[1.859s] INFO:colcon.colcon_core.plugin_system:Skipping extension 'colcon_notification.desktop_notification.win32': Not used on non-Windows systems
[1.859s] INFO:colcon.colcon_notification.desktop_notification:Sending desktop notification using 'notify2'
[1.914s] DEBUG:colcon.colcon_core.event_reactor:joined thread
[1.917s] INFO:colcon.colcon_core.shell:Creating prefix script '/home/soumya/mmware_mmwareserver/ros2/ros2scripts/first_pubsub/install/local_setup.ps1'
[1.919s] INFO:colcon.colcon_core.shell:Creating prefix util module '/home/soumya/mmware_mmwareserver/ros2/ros2scripts/first_pubsub/install/_local_setup_util_ps1.py'
[1.923s] INFO:colcon.colcon_core.shell:Creating prefix chain script '/home/soumya/mmware_mmwareserver/ros2/ros2scripts/first_pubsub/install/setup.ps1'
[1.930s] INFO:colcon.colcon_core.shell:Creating prefix script '/home/soumya/mmware_mmwareserver/ros2/ros2scripts/first_pubsub/install/local_setup.sh'
[1.931s] INFO:colcon.colcon_core.shell:Creating prefix util module '/home/soumya/mmware_mmwareserver/ros2/ros2scripts/first_pubsub/install/_local_setup_util_sh.py'
[1.932s] INFO:colcon.colcon_core.shell:Creating prefix chain script '/home/soumya/mmware_mmwareserver/ros2/ros2scripts/first_pubsub/install/setup.sh'
[1.937s] INFO:colcon.colcon_core.shell:Creating prefix script '/home/soumya/mmware_mmwareserver/ros2/ros2scripts/first_pubsub/install/local_setup.bash'
[1.938s] INFO:colcon.colcon_core.shell:Creating prefix chain script '/home/soumya/mmware_mmwareserver/ros2/ros2scripts/first_pubsub/install/setup.bash'
[1.946s] INFO:colcon.colcon_core.shell:Creating prefix script '/home/soumya/mmware_mmwareserver/ros2/ros2scripts/first_pubsub/install/local_setup.zsh'
[1.947s] INFO:colcon.colcon_core.shell:Creating prefix chain script '/home/soumya/mmware_mmwareserver/ros2/ros2scripts/first_pubsub/install/setup.zsh'
